[debug] [2024-10-25T15:23:00.688Z] ----------------------------------------------------------------------
[debug] [2024-10-25T15:23:00.689Z] Command:       /usr/local/bin/node /usr/local/bin/firebase init
[debug] [2024-10-25T15:23:00.689Z] CLI Version:   13.23.0
[debug] [2024-10-25T15:23:00.689Z] Platform:      darwin
[debug] [2024-10-25T15:23:00.689Z] Node Version:  v20.16.0
[debug] [2024-10-25T15:23:00.689Z] Time:          Fri Oct 25 2024 10:23:00 GMT-0500 (Central Daylight Time)
[debug] [2024-10-25T15:23:00.689Z] ----------------------------------------------------------------------
[debug] 
[debug] [2024-10-25T15:23:00.693Z] > command requires scopes: ["email","openid","https://www.googleapis.com/auth/cloudplatformprojects.readonly","https://www.googleapis.com/auth/firebase","https://www.googleapis.com/auth/cloud-platform"]
[debug] [2024-10-25T15:23:00.693Z] > authorizing via signed-in user (laurenneoliver@gmail.com)
[info] 
     ######## #### ########  ######## ########     ###     ######  ########
     ##        ##  ##     ## ##       ##     ##  ##   ##  ##       ##
     ######    ##  ########  ######   ########  #########  ######  ######
     ##        ##  ##    ##  ##       ##     ## ##     ##       ## ##
     ##       #### ##     ## ######## ########  ##     ##  ######  ########

You're about to initialize a Firebase project in this directory:

  /Users/laurenneoliver/Desktop/tool-mate

[info] 
=== Project Setup
[info] 
[info] First, let's associate this project directory with a Firebase project.
[info] You can create multiple project aliases by running firebase use --add, 
[info] but for now we'll just set up a default project.
[info] 
[debug] [2024-10-25T15:23:07.822Z] Checked if tokens are valid: false, expires at: 1709075766376
[debug] [2024-10-25T15:23:07.822Z] Checked if tokens are valid: false, expires at: 1709075766376
[debug] [2024-10-25T15:23:07.823Z] > refreshing access token with scopes: []
[debug] [2024-10-25T15:23:07.826Z] >>> [apiv2][query] POST https://www.googleapis.com/oauth2/v3/token [none]
[debug] [2024-10-25T15:23:07.826Z] >>> [apiv2][body] POST https://www.googleapis.com/oauth2/v3/token [omitted]
[debug] [2024-10-25T15:23:08.107Z] <<< [apiv2][status] POST https://www.googleapis.com/oauth2/v3/token 400
[debug] [2024-10-25T15:23:08.107Z] <<< [apiv2][body] POST https://www.googleapis.com/oauth2/v3/token [omitted]
[debug] [2024-10-25T15:23:08.109Z] >>> [apiv2][query] GET https://firebase.googleapis.com/v1beta1/projects pageSize=100
[debug] [2024-10-25T15:23:08.328Z] <<< [apiv2][status] GET https://firebase.googleapis.com/v1beta1/projects 401
[debug] [2024-10-25T15:23:08.328Z] <<< [apiv2][body] GET https://firebase.googleapis.com/v1beta1/projects [omitted]
[debug] [2024-10-25T15:23:08.328Z] Got a 401 Unauthenticated error for a call that required authentication. Refreshing tokens.
[debug] [2024-10-25T15:23:08.329Z] Checked if tokens are valid: false, expires at: 1709075766376
[debug] [2024-10-25T15:23:08.329Z] Checked if tokens are valid: false, expires at: 1709075766376
[debug] [2024-10-25T15:23:08.329Z] > refreshing access token with scopes: []
[debug] [2024-10-25T15:23:08.330Z] >>> [apiv2][query] POST https://www.googleapis.com/oauth2/v3/token [none]
[debug] [2024-10-25T15:23:08.330Z] >>> [apiv2][body] POST https://www.googleapis.com/oauth2/v3/token [omitted]
[debug] [2024-10-25T15:23:08.407Z] <<< [apiv2][status] POST https://www.googleapis.com/oauth2/v3/token 400
[debug] [2024-10-25T15:23:08.407Z] <<< [apiv2][body] POST https://www.googleapis.com/oauth2/v3/token [omitted]
[debug] [2024-10-25T15:23:08.409Z] Request to https://firebase.googleapis.com/v1beta1/projects?pageSize=100 had HTTP Error: 401, Request had invalid authentication credentials. Expected OAuth 2 access token, login cookie or other valid authentication credential. See https://developers.google.com/identity/sign-in/web/devconsole-project.
[debug] [2024-10-25T15:23:08.573Z] FirebaseError: Request to https://firebase.googleapis.com/v1beta1/projects?pageSize=100 had HTTP Error: 401, Request had invalid authentication credentials. Expected OAuth 2 access token, login cookie or other valid authentication credential. See https://developers.google.com/identity/sign-in/web/devconsole-project.
    at responseToError (/usr/local/lib/node_modules/firebase-tools/lib/responseToError.js:52:12)
    at RetryOperation._fn (/usr/local/lib/node_modules/firebase-tools/lib/apiv2.js:312:77)
    at process.processTicksAndRejections (node:internal/process/task_queues:95:5)
[error] 
[error] Error: Failed to list Firebase projects. See firebase-debug.log for more info.
